2019-05-11 23:41:02,589 - logs.Logger - INFO - Population has been created
2019-05-11 23:41:02,592 - logs.Logger - INFO - 
Generation 0:
 Max score 25.0 | Chromosome: [(14, 10.0, 2.0), (16, 5.0, 2.0), (7, 2.0, 3.0), (10, 2.0, 2.0), (0, 6.0, 2.0)]
-------------
2019-05-11 23:41:02,655 - logs.Logger - INFO - 
Generation 100:
 Max score 31.0 | Chromosome: [(12, 10.0, 5.0), (0, 6.0, 2.0), (16, 5.0, 2.0), (14, 10.0, 2.0)]
-------------
2019-05-11 23:41:02,707 - logs.Logger - INFO - 
Best chromosomes: [[(12, 10.0, 5.0), (16, 5.0, 2.0), (0, 6.0, 2.0), (14, 10.0, 2.0)], [(12, 10.0, 5.0), (16, 5.0, 2.0), (0, 6.0, 2.0), (14, 10.0, 2.0)]]
2019-05-11 23:47:10,808 - logs.Logger - INFO - Population has been created
2019-05-11 23:47:10,815 - logs.Logger - INFO - 
Generation 0:
 Max score 92.0 | Chromosome: [(12, 10.0, 5.0), (6, 3.0, 4.0), (11, 4.0, 3.0), (3, 9.0, 7.0), (18, 4.0, 2.0), (9, 8.0, 8.0), (10, 2.0, 2.0), (15, 4.0, 1.0), (14, 10.0, 2.0), (16, 5.0, 2.0), (7, 2.0, 3.0), (1, 5.0, 3.0), (19, 6.0, 8.0), (2, 8.0, 6.0), (4, 6.0, 5.0), (0, 6.0, 2.0)]
-------------
2019-05-11 23:47:10,882 - logs.Logger - INFO - 
Generation 100:
 Max score 92.0 | Chromosome: [(12, 10.0, 5.0), (6, 3.0, 4.0), (11, 4.0, 3.0), (3, 9.0, 7.0), (18, 4.0, 2.0), (9, 8.0, 8.0), (10, 2.0, 2.0), (15, 4.0, 1.0), (14, 10.0, 2.0), (16, 5.0, 2.0), (7, 2.0, 3.0), (1, 5.0, 3.0), (19, 6.0, 8.0), (2, 8.0, 6.0), (4, 6.0, 5.0), (0, 6.0, 2.0)]
-------------
2019-05-11 23:47:10,937 - logs.Logger - INFO - 
Best chromosomes: [[(12, 10.0, 5.0), (6, 3.0, 4.0), (11, 4.0, 3.0), (3, 9.0, 7.0), (18, 4.0, 2.0), (9, 8.0, 8.0), (10, 2.0, 2.0), (15, 4.0, 1.0), (14, 10.0, 2.0), (16, 5.0, 2.0), (7, 2.0, 3.0), (1, 5.0, 3.0), (5, 7.0, 9.0), (2, 8.0, 6.0), (4, 6.0, 5.0), (0, 6.0, 2.0)], [(8, 4.0, 6.0), (2, 8.0, 6.0), (13, 8.0, 9.0), (18, 4.0, 2.0), (15, 4.0, 1.0), (9, 8.0, 8.0), (14, 10.0, 2.0), (1, 5.0, 3.0), (6, 3.0, 4.0), (3, 9.0, 7.0), (16, 5.0, 2.0), (12, 10.0, 5.0), (4, 6.0, 5.0), (10, 2.0, 2.0), (0, 6.0, 2.0)]]
2019-05-12 12:50:11,285 - logs.Logger - INFO - Population has been created
2019-05-12 12:50:11,289 - logs.Logger - INFO - 
Generation 0:
 Max score 108.0 | Chromosome: [(7, 2.0, 3.0), (12, 10.0, 5.0), (9, 8.0, 8.0), (1, 5.0, 3.0), (10, 2.0, 2.0), (2, 8.0, 6.0), (5, 7.0, 9.0), (18, 4.0, 2.0), (17, 3.0, 3.0), (4, 6.0, 5.0), (3, 9.0, 7.0), (13, 8.0, 9.0), (16, 5.0, 2.0), (15, 4.0, 1.0), (6, 3.0, 4.0), (8, 4.0, 6.0), (0, 6.0, 2.0), (11, 4.0, 3.0), (14, 10.0, 2.0)]
-------------
2019-05-12 12:50:11,356 - logs.Logger - INFO - 
Generation 100:
 Max score 108.0 | Chromosome: [(7, 2.0, 3.0), (12, 10.0, 5.0), (9, 8.0, 8.0), (1, 5.0, 3.0), (10, 2.0, 2.0), (2, 8.0, 6.0), (5, 7.0, 9.0), (18, 4.0, 2.0), (17, 3.0, 3.0), (4, 6.0, 5.0), (3, 9.0, 7.0), (13, 8.0, 9.0), (16, 5.0, 2.0), (15, 4.0, 1.0), (6, 3.0, 4.0), (8, 4.0, 6.0), (0, 6.0, 2.0), (11, 4.0, 3.0), (14, 10.0, 2.0)]
-------------
2019-05-12 12:50:11,414 - logs.Logger - INFO - 
Best chromosomes: [[(7, 2.0, 3.0), (12, 10.0, 5.0), (9, 8.0, 8.0), (1, 5.0, 3.0), (10, 2.0, 2.0), (2, 8.0, 6.0), (5, 7.0, 9.0), (18, 4.0, 2.0), (17, 3.0, 3.0), (4, 6.0, 5.0), (3, 9.0, 7.0), (13, 8.0, 9.0), (16, 5.0, 2.0), (15, 4.0, 1.0), (6, 3.0, 4.0), (8, 4.0, 6.0), (0, 6.0, 2.0), (11, 4.0, 3.0), (14, 10.0, 2.0)], [(19, 6.0, 8.0), (0, 6.0, 2.0), (16, 5.0, 2.0), (3, 9.0, 7.0), (6, 3.0, 4.0), (17, 3.0, 3.0), (14, 10.0, 2.0), (5, 7.0, 9.0), (2, 8.0, 6.0), (4, 6.0, 5.0), (9, 8.0, 8.0), (10, 2.0, 2.0), (15, 4.0, 1.0), (18, 4.0, 2.0), (12, 10.0, 5.0), (1, 5.0, 3.0), (11, 4.0, 3.0), (13, 8.0, 9.0)]]
2019-05-12 12:50:26,222 - logs.Logger - INFO - Population has been created
2019-05-12 12:50:26,224 - logs.Logger - INFO - 
Generation 0:
 Max score 44.0 | Chromosome: [(12, 10.0, 5.0), (16, 5.0, 2.0), (11, 4.0, 3.0), (17, 3.0, 3.0), (14, 10.0, 2.0), (15, 4.0, 1.0), (4, 6.0, 5.0), (10, 2.0, 2.0)]
-------------
2019-05-12 12:50:26,285 - logs.Logger - INFO - 
Generation 100:
 Max score 45.0 | Chromosome: [(17, 3.0, 3.0), (2, 8.0, 6.0), (16, 5.0, 2.0), (12, 10.0, 5.0), (3, 9.0, 7.0), (14, 10.0, 2.0)]
-------------
2019-05-12 12:50:26,344 - logs.Logger - INFO - 
Best chromosomes: [[(12, 10.0, 5.0), (0, 6.0, 2.0), (15, 4.0, 1.0), (14, 10.0, 2.0), (2, 8.0, 6.0), (3, 9.0, 7.0)], [(12, 10.0, 5.0), (16, 5.0, 2.0), (15, 4.0, 1.0), (14, 10.0, 2.0), (2, 8.0, 6.0), (3, 9.0, 7.0)]]
2019-05-12 12:50:40,837 - logs.Logger - INFO - Population has been created
2019-05-12 12:50:40,841 - logs.Logger - INFO - 
Generation 0:
 Max score 42.0 | Chromosome: [(12, 10.0, 5.0), (16, 5.0, 2.0), (11, 4.0, 3.0), (17, 3.0, 3.0), (14, 10.0, 2.0), (15, 4.0, 1.0), (4, 6.0, 5.0)]
-------------
2019-05-12 12:50:40,911 - logs.Logger - INFO - 
Generation 100:
 Max score 43.0 | Chromosome: [(8, 4.0, 6.0), (12, 10.0, 5.0), (15, 4.0, 1.0), (1, 5.0, 3.0), (11, 4.0, 3.0), (0, 6.0, 2.0), (14, 10.0, 2.0)]
-------------
2019-05-12 12:50:40,970 - logs.Logger - INFO - 
Best chromosomes: [[(12, 10.0, 5.0), (16, 5.0, 2.0), (14, 10.0, 2.0), (15, 4.0, 1.0), (8, 4.0, 6.0), (1, 5.0, 3.0), (0, 6.0, 2.0)], [(12, 10.0, 5.0), (16, 5.0, 2.0), (14, 10.0, 2.0), (15, 4.0, 1.0), (1, 5.0, 3.0), (8, 4.0, 6.0), (0, 6.0, 2.0)]]
2019-05-12 12:50:52,413 - logs.Logger - INFO - Population has been created
2019-05-12 12:50:52,415 - logs.Logger - INFO - 
Generation 0:
 Max score 66.0 | Chromosome: [(12, 10.0, 5.0), (6, 3.0, 4.0), (11, 4.0, 3.0), (3, 9.0, 7.0), (18, 4.0, 2.0), (9, 8.0, 8.0), (10, 2.0, 2.0), (15, 4.0, 1.0), (14, 10.0, 2.0), (16, 5.0, 2.0), (7, 2.0, 3.0), (1, 5.0, 3.0)]
-------------
2019-05-12 12:50:52,472 - logs.Logger - INFO - 
Generation 100:
 Max score 71.0 | Chromosome: [(12, 10.0, 5.0), (2, 8.0, 6.0), (11, 4.0, 3.0), (3, 9.0, 7.0), (18, 4.0, 2.0), (9, 8.0, 8.0), (10, 2.0, 2.0), (15, 4.0, 1.0), (14, 10.0, 2.0), (16, 5.0, 2.0), (7, 2.0, 3.0), (1, 5.0, 3.0)]
-------------
2019-05-12 12:50:52,527 - logs.Logger - INFO - 
Best chromosomes: [[(12, 10.0, 5.0), (2, 8.0, 6.0), (11, 4.0, 3.0), (3, 9.0, 7.0), (0, 6.0, 2.0), (9, 8.0, 8.0), (10, 2.0, 2.0), (15, 4.0, 1.0), (14, 10.0, 2.0), (16, 5.0, 2.0), (7, 2.0, 3.0), (1, 5.0, 3.0)], [(12, 10.0, 5.0), (2, 8.0, 6.0), (11, 4.0, 3.0), (3, 9.0, 7.0), (18, 4.0, 2.0), (9, 8.0, 8.0), (10, 2.0, 2.0), (15, 4.0, 1.0), (14, 10.0, 2.0), (16, 5.0, 2.0), (7, 2.0, 3.0), (0, 6.0, 2.0)]]
2019-05-12 12:51:22,293 - logs.Logger - INFO - Population has been created
2019-05-12 12:51:22,295 - logs.Logger - INFO - 
Generation 0:
 Max score 66.0 | Chromosome: [(12, 10.0, 5.0), (6, 3.0, 4.0), (11, 4.0, 3.0), (3, 9.0, 7.0), (18, 4.0, 2.0), (9, 8.0, 8.0), (10, 2.0, 2.0), (15, 4.0, 1.0), (14, 10.0, 2.0), (16, 5.0, 2.0), (7, 2.0, 3.0), (1, 5.0, 3.0)]
-------------
2019-05-12 12:51:22,354 - logs.Logger - INFO - 
Generation 100:
 Max score 71.0 | Chromosome: [(12, 10.0, 5.0), (2, 8.0, 6.0), (11, 4.0, 3.0), (3, 9.0, 7.0), (18, 4.0, 2.0), (9, 8.0, 8.0), (10, 2.0, 2.0), (15, 4.0, 1.0), (14, 10.0, 2.0), (16, 5.0, 2.0), (7, 2.0, 3.0), (1, 5.0, 3.0)]
-------------
2019-05-12 12:51:22,409 - logs.Logger - INFO - 
Best chromosomes: [[(12, 10.0, 5.0), (2, 8.0, 6.0), (11, 4.0, 3.0), (3, 9.0, 7.0), (0, 6.0, 2.0), (9, 8.0, 8.0), (10, 2.0, 2.0), (15, 4.0, 1.0), (14, 10.0, 2.0), (16, 5.0, 2.0), (7, 2.0, 3.0), (1, 5.0, 3.0)], [(12, 10.0, 5.0), (2, 8.0, 6.0), (11, 4.0, 3.0), (3, 9.0, 7.0), (18, 4.0, 2.0), (9, 8.0, 8.0), (10, 2.0, 2.0), (15, 4.0, 1.0), (14, 10.0, 2.0), (16, 5.0, 2.0), (7, 2.0, 3.0), (0, 6.0, 2.0)]]
2019-05-12 12:51:28,534 - logs.Logger - INFO - Population has been created
2019-05-12 12:51:28,537 - logs.Logger - INFO - 
Generation 0:
 Max score 66.0 | Chromosome: [(12, 10.0, 5.0), (6, 3.0, 4.0), (11, 4.0, 3.0), (3, 9.0, 7.0), (18, 4.0, 2.0), (9, 8.0, 8.0), (10, 2.0, 2.0), (15, 4.0, 1.0), (14, 10.0, 2.0), (16, 5.0, 2.0), (7, 2.0, 3.0), (1, 5.0, 3.0)]
-------------
2019-05-12 12:51:28,594 - logs.Logger - INFO - 
Generation 100:
 Max score 71.0 | Chromosome: [(12, 10.0, 5.0), (2, 8.0, 6.0), (11, 4.0, 3.0), (3, 9.0, 7.0), (18, 4.0, 2.0), (9, 8.0, 8.0), (10, 2.0, 2.0), (15, 4.0, 1.0), (14, 10.0, 2.0), (16, 5.0, 2.0), (7, 2.0, 3.0), (1, 5.0, 3.0)]
-------------
2019-05-12 12:51:28,651 - logs.Logger - INFO - 
Best chromosomes: [[(12, 10.0, 5.0), (2, 8.0, 6.0), (11, 4.0, 3.0), (3, 9.0, 7.0), (0, 6.0, 2.0), (9, 8.0, 8.0), (10, 2.0, 2.0), (15, 4.0, 1.0), (14, 10.0, 2.0), (16, 5.0, 2.0), (7, 2.0, 3.0), (1, 5.0, 3.0)], [(12, 10.0, 5.0), (2, 8.0, 6.0), (11, 4.0, 3.0), (3, 9.0, 7.0), (18, 4.0, 2.0), (9, 8.0, 8.0), (10, 2.0, 2.0), (15, 4.0, 1.0), (14, 10.0, 2.0), (16, 5.0, 2.0), (7, 2.0, 3.0), (0, 6.0, 2.0)]]
2019-05-12 13:22:59,700 - logs.Logger - INFO - Population has been created
2019-05-12 13:22:59,703 - logs.Logger - INFO - 
Generation 0:
 Max score 66.0 | Chromosome: [(12, 10.0, 5.0), (6, 3.0, 4.0), (11, 4.0, 3.0), (3, 9.0, 7.0), (18, 4.0, 2.0), (9, 8.0, 8.0), (10, 2.0, 2.0), (15, 4.0, 1.0), (14, 10.0, 2.0), (16, 5.0, 2.0), (7, 2.0, 3.0), (1, 5.0, 3.0)]
-------------
2019-05-12 13:22:59,761 - logs.Logger - INFO - 
Generation 100:
 Max score 71.0 | Chromosome: [(12, 10.0, 5.0), (2, 8.0, 6.0), (11, 4.0, 3.0), (3, 9.0, 7.0), (18, 4.0, 2.0), (9, 8.0, 8.0), (10, 2.0, 2.0), (15, 4.0, 1.0), (14, 10.0, 2.0), (16, 5.0, 2.0), (7, 2.0, 3.0), (1, 5.0, 3.0)]
-------------
2019-05-12 13:22:59,821 - logs.Logger - INFO - 
Best chromosomes: [[(12, 10.0, 5.0), (2, 8.0, 6.0), (11, 4.0, 3.0), (3, 9.0, 7.0), (0, 6.0, 2.0), (9, 8.0, 8.0), (10, 2.0, 2.0), (15, 4.0, 1.0), (14, 10.0, 2.0), (16, 5.0, 2.0), (7, 2.0, 3.0), (1, 5.0, 3.0)], [(12, 10.0, 5.0), (2, 8.0, 6.0), (11, 4.0, 3.0), (3, 9.0, 7.0), (18, 4.0, 2.0), (9, 8.0, 8.0), (10, 2.0, 2.0), (15, 4.0, 1.0), (14, 10.0, 2.0), (16, 5.0, 2.0), (7, 2.0, 3.0), (0, 6.0, 2.0)]]
